<?xml version="1.0" encoding="UTF-8"?>
<robot generator="Robot 6.1.1 (Python 3.10.2 on win32)" generated="20231102 11:48:19.310" rpa="false" schemaversion="4">
<suite id="s1" name="Test Case 001" source="C:\Users\januk\Desktop\Environment\myproject\MyTests\test_case_001.robot">
<test id="s1-t1" name="Verify Python Version" line="5">
<kw name="Run" library="OperatingSystem">
<var>${output}</var>
<arg>python --version</arg>
<doc>Runs the given command in the system and returns the output.</doc>
<msg timestamp="20231102 11:48:19.358" level="INFO">Running command 'python --version 2&gt;&amp;1'.</msg>
<msg timestamp="20231102 11:48:19.388" level="INFO">${output} = Python 3.10.2</msg>
<status status="PASS" starttime="20231102 11:48:19.341" endtime="20231102 11:48:19.388"/>
</kw>
<kw name="Log To Console" library="BuiltIn">
<arg>${output}</arg>
<doc>Logs the given message to the console.</doc>
<status status="PASS" starttime="20231102 11:48:19.390" endtime="20231102 11:48:19.391"/>
</kw>
<status status="PASS" starttime="20231102 11:48:19.341" endtime="20231102 11:48:19.391"/>
</test>
<status status="PASS" starttime="20231102 11:48:19.310" endtime="20231102 11:48:19.391"/>
</suite>
<statistics>
<total>
<stat pass="1" fail="0" skip="0">All Tests</stat>
</total>
<tag>
</tag>
<suite>
<stat pass="1" fail="0" skip="0" id="s1" name="Test Case 001">Test Case 001</stat>
</suite>
</statistics>
<errors>
</errors>
</robot>
